This file contains any messages produced by compilers while
running configure, to aid debugging if configure makes a mistake.

It was created by OpenJDK configure jdk8, which was
generated by GNU Autoconf 2.69.  Invocation command line was

  $ /Users/gadams/openjdk-jdk8u/configure --enable-option-checking=fatal --verbose --with-milestone=fcs --with-user-release-suffix=202004031008 --with-vendor-name=AdoptOpenJDK --with-update-version=222 --with-build-number=b10.1 --with-boot-jdk=/Library/Java/JavaVirtualMachines/adoptopenjdk-8.jdk/Contents/Home --enable-ccache --with-debug-level=release --disable-zip-debug-info --disable-debug-symbols --with-x=/usr/include/X11 --with-alsa=/Users/jenkins/workspace/jdk8u-mac-x64-hotspot-notarized/workspace/./build//installedalsa --with-jvm-variants=server --with-toolchain-type=clang --with-freetype=/Users/jenkins/workspace/jdk8u-mac-x64-hotspot-notarized/workspace/./build//installedfreetype

## --------- ##
## Platform. ##
## --------- ##

hostname = MININT-7KVTFRD.europe.corp.microsoft.com
uname -m = x86_64
uname -r = 19.3.0
uname -s = Darwin
uname -v = Darwin Kernel Version 19.3.0: Thu Jan  9 20:58:23 PST 2020; root:xnu-6153.81.5~1/RELEASE_X86_64

/usr/bin/uname -p = i386
/bin/uname -X     = unknown

/bin/arch              = unknown
/usr/bin/arch -k       = unknown
/usr/convex/getsysinfo = unknown
/usr/bin/hostinfo      = Mach kernel version:
	 Darwin Kernel Version 19.3.0: Thu Jan  9 20:58:23 PST 2020; root:xnu-6153.81.5~1/RELEASE_X86_64
Kernel configured for up to 16 processors.
8 processors are physically available.
16 processors are logically available.
Processor type: x86_64h (Intel x86-64h Haswell)
Processors active: 0 1 2 3 4 5 6 7 8 9 10 11 12 13 14 15
Primary memory available: 32.00 gigabytes
Default processor set: 516 tasks, 2971 threads, 16 processors
Load average: 2.51, Mach factor: 13.48
/bin/machine           = unknown
/usr/bin/oslevel       = unknown
/bin/universe          = unknown

PATH: /Users/gadams/.nvm/versions/node/v10.18.0/bin
PATH: /usr/local/opt/ccache/libexec
PATH: /usr/local/bin
PATH: /usr/bin
PATH: /bin
PATH: /usr/sbin
PATH: /sbin
PATH: /usr/local/MacGPG2/bin


## ----------- ##
## Core tests. ##
## ----------- ##

configure:4427: Configuration created at Fri Apr  3 13:39:24 BST 2020.
configure:4429: configure script generated at timestamp 1581116781.
configure:4452: checking for basename
configure:4470: found /usr/bin/basename
configure:4482: result: /usr/bin/basename
configure:4703: checking for bash
configure:4733: result: /usr/local/bin/bash
configure:4838: checking for cat
configure:4856: found /bin/cat
configure:4868: result: /bin/cat
configure:5031: checking for chmod
configure:5049: found /bin/chmod
configure:5061: result: /bin/chmod
configure:5224: checking for cmp
configure:5242: found /usr/bin/cmp
configure:5254: result: /usr/bin/cmp
configure:5417: checking for comm
configure:5435: found /usr/bin/comm
configure:5447: result: /usr/bin/comm
configure:5610: checking for cp
configure:5628: found /bin/cp
configure:5640: result: /bin/cp
configure:5803: checking for cut
configure:5821: found /usr/bin/cut
configure:5833: result: /usr/bin/cut
configure:5996: checking for date
configure:6014: found /bin/date
configure:6026: result: /bin/date
configure:6189: checking for gdiff
configure:6222: result: no
configure:6189: checking for diff
configure:6207: found /usr/bin/diff
configure:6219: result: /usr/bin/diff
configure:6382: checking for dirname
configure:6400: found /usr/bin/dirname
configure:6412: result: /usr/bin/dirname
configure:6575: checking for echo
configure:6593: found /bin/echo
configure:6605: result: /bin/echo
configure:6768: checking for expr
configure:6786: found /bin/expr
configure:6798: result: /bin/expr
configure:6961: checking for file
configure:6979: found /usr/bin/file
configure:6991: result: /usr/bin/file
configure:7154: checking for find
configure:7172: found /usr/bin/find
configure:7184: result: /usr/bin/find
configure:7347: checking for head
configure:7365: found /usr/bin/head
configure:7377: result: /usr/bin/head
configure:7540: checking for ln
configure:7558: found /bin/ln
configure:7570: result: /bin/ln
configure:7733: checking for ls
configure:7751: found /bin/ls
configure:7763: result: /bin/ls
configure:7926: checking for mkdir
configure:7944: found /bin/mkdir
configure:7956: result: /bin/mkdir
configure:8119: checking for mktemp
configure:8137: found /usr/bin/mktemp
configure:8149: result: /usr/bin/mktemp
configure:8312: checking for mv
configure:8330: found /bin/mv
configure:8342: result: /bin/mv
configure:8505: checking for nawk
configure:8538: result: no
configure:8505: checking for gawk
configure:8538: result: no
configure:8505: checking for awk
configure:8523: found /usr/bin/awk
configure:8535: result: /usr/bin/awk
configure:8698: checking for printf
configure:8716: found /usr/bin/printf
configure:8728: result: /usr/bin/printf
configure:8891: checking for rm
configure:8909: found /bin/rm
configure:8921: result: /bin/rm
configure:9084: checking for sh
configure:9102: found /bin/sh
configure:9114: result: /bin/sh
configure:9277: checking for sort
configure:9295: found /usr/bin/sort
configure:9307: result: /usr/bin/sort
configure:9470: checking for tail
configure:9488: found /usr/bin/tail
configure:9500: result: /usr/bin/tail
configure:9663: checking for tar
configure:9681: found /usr/bin/tar
configure:9693: result: /usr/bin/tar
configure:9856: checking for tee
configure:9874: found /usr/bin/tee
configure:9886: result: /usr/bin/tee
configure:10049: checking for touch
configure:10067: found /usr/bin/touch
configure:10079: result: /usr/bin/touch
configure:10242: checking for tr
configure:10260: found /usr/bin/tr
configure:10272: result: /usr/bin/tr
configure:10435: checking for uname
configure:10453: found /usr/bin/uname
configure:10465: result: /usr/bin/uname
configure:10628: checking for uniq
configure:10646: found /usr/bin/uniq
configure:10658: result: /usr/bin/uniq
configure:10821: checking for wc
configure:10839: found /usr/bin/wc
configure:10851: result: /usr/bin/wc
configure:11014: checking for which
configure:11032: found /usr/bin/which
configure:11044: result: /usr/bin/which
configure:11207: checking for xargs
configure:11225: found /usr/bin/xargs
configure:11237: result: /usr/bin/xargs
configure:11401: checking for gawk
configure:11431: result: no
configure:11401: checking for mawk
configure:11431: result: no
configure:11401: checking for nawk
configure:11431: result: no
configure:11401: checking for awk
configure:11417: found /usr/bin/awk
configure:11428: result: awk
configure:11582: checking for grep that handles long lines and -e
configure:11640: result: /usr/bin/grep
configure:11809: checking for egrep
configure:11871: result: /usr/bin/grep -E
configure:12044: checking for fgrep
configure:12106: result: /usr/bin/grep -F
configure:12279: checking for a sed that does not truncate output
configure:12343: result: /usr/local/bin/gsed
configure:12531: checking for cygpath
configure:12564: result: no
configure:12717: checking for greadlink
configure:12735: found /usr/local/bin/greadlink
configure:12747: result: /usr/local/bin/greadlink
configure:12903: checking for df
configure:12921: found /bin/df
configure:12933: result: /bin/df
configure:13089: checking for SetFile
configure:13107: found /usr/bin/SetFile
configure:13119: result: /usr/bin/SetFile
configure:13275: checking for cpio
configure:13293: found /usr/bin/cpio
configure:13305: result: /usr/bin/cpio
configure:13458: checking build system type
configure:13472: result: x86_64-apple-darwin19.3.0
configure:13492: checking host system type
configure:13505: result: x86_64-apple-darwin19.3.0
configure:13525: checking target system type
configure:13538: result: x86_64-apple-darwin19.3.0
configure:13717: checking openjdk-build os-cpu
configure:13719: result: macosx-x86_64
configure:13855: checking openjdk-target os-cpu
configure:13857: result: macosx-x86_64
configure:13907: checking compilation type
configure:13909: result: native
configure:14164: checking for top-level directory
configure:14166: result: /Users/gadams/openjdk-jdk8u
configure:14441: checking for presence of closed sources
configure:14448: result: no
configure:14451: checking if closed source is suppressed (openjdk-only)
configure:14454: result: no
configure:14491: checking which variant of the JDK to build
configure:14508: result: normal
configure:14518: checking which interpreter of the JVM to build
configure:14539: result: template
configure:14556: checking which variants of the JVM to build
configure:14575: result: server
configure:14650: checking which debug level to use
configure:14674: result: release
configure:15120: checking for sysroot
configure:15122: result: 
configure:15124: checking for toolchain path
configure:15126: result: 
configure:15128: checking for extra path
configure:15130: result: 
configure:15146: checking where to store configuration
configure:15154: result: in default location
configure:15212: checking what configuration name to use
configure:15214: result: macosx-x86_64-normal-server-release
configure:15378: checking for apt-get
configure:15408: result: no
configure:15378: checking for yum
configure:15408: result: no
configure:15378: checking for port
configure:15408: result: no
configure:15378: checking for pkgutil
configure:15394: found /usr/sbin/pkgutil
configure:15405: result: pkgutil
configure:15759: checking for gmake
configure:15792: result: no
configure:16129: checking for make
configure:16147: found /usr/bin/make
configure:16159: result: /usr/bin/make
configure:16174: Testing potential make at /usr/bin/make, found using make in PATH
configure:17249: Using GNU make 3.81 (or later) at /usr/bin/make (version: GNU Make 3.81)
configure:17255: checking if find supports -delete
configure:17271: result: yes
configure:17292: checking for unzip
configure:17310: found /usr/bin/unzip
configure:17322: result: /usr/bin/unzip
configure:17485: checking for zip
configure:17503: found /usr/bin/zip
configure:17515: result: /usr/bin/zip
configure:17680: checking for ldd
configure:17713: result: no
configure:17872: checking for readelf
configure:17905: result: no
configure:17872: checking for greadelf
configure:17905: result: no
configure:18058: checking for hg
configure:18091: result: no
configure:18244: checking for stat
configure:18262: found /usr/bin/stat
configure:18274: result: /usr/bin/stat
configure:18430: checking for time
configure:18448: found /usr/bin/time
configure:18460: result: /usr/bin/time
configure:18823: checking for dsymutil
configure:18841: found /usr/bin/dsymutil
configure:18853: result: /usr/bin/dsymutil
configure:19016: checking for xattr
configure:19034: found /usr/bin/xattr
configure:19046: result: /usr/bin/xattr
configure:19208: checking for codesign
configure:19226: found /usr/bin/codesign
configure:19238: result: /usr/bin/codesign
configure:19385: checking if openjdk_codesign certificate is present
openjdk_codesign: no identity found
configure:19392: result: no
configure:19452: checking for pkg-config
configure:19485: result: no
configure:19625: checking for 7z
configure:19655: result: no
configure:19625: checking for unzip
configure:19641: found /usr/bin/unzip
configure:19652: result: unzip
configure:19671: checking for wget
configure:19687: found /usr/local/bin/wget
configure:19698: result: wget
configure:19725: checking headful support
configure:19749: result: include support for both headful and headless
configure:20047: Found potential Boot JDK using configure arguments
configure:20210: checking for Boot JDK
configure:20212: result: /Library/Java/JavaVirtualMachines/adoptopenjdk-8.jdk/Contents/Home
configure:20214: checking Boot JDK version
configure:20217: result: openjdk version "1.8.0_242" OpenJDK Runtime Environment (AdoptOpenJDK)(build 1.8.0_242-b08) OpenJDK 64-Bit Server VM (AdoptOpenJDK)(build 25.242-b08, mixed mode) 
configure:24680: checking for java in Boot JDK
configure:24690: result: ok
configure:24694: checking for javac in Boot JDK
configure:24704: result: ok
configure:24708: checking for javah in Boot JDK
configure:24718: result: ok
configure:24722: checking for javap in Boot JDK
configure:24732: result: ok
configure:24736: checking for jar in Boot JDK
configure:24746: result: ok
configure:24750: checking for rmic in Boot JDK
configure:24760: result: ok
configure:24764: checking for native2ascii in Boot JDK
configure:24774: result: ok
configure:24791: checking if Boot JDK is 32 or 64 bits
configure:24793: result: 64
configure:24809: checking flags for boot jdk java command 
Check if jvm arg is ok: -XX:-PrintVMOptions -XX:-UnlockDiagnosticVMOptions -XX:-LogVMOutput
Command: /Library/Java/JavaVirtualMachines/adoptopenjdk-8.jdk/Contents/Home/bin/java -XX:-PrintVMOptions -XX:-UnlockDiagnosticVMOptions -XX:-LogVMOutput -version
Arg failed:
Error: VM option 'LogVMOutput' is diagnostic and must be enabled via -XX:+UnlockDiagnosticVMOptions.
Error: Could not create the Java Virtual Machine.
Error: A fatal exception has occurred. Program will exit.
Check if jvm arg is ok: 
Command: /Library/Java/JavaVirtualMachines/adoptopenjdk-8.jdk/Contents/Home/bin/java  -version
configure:24846: result:  
configure:24854: checking flags for boot jdk java command for big workloads
Check if jvm arg is ok: -Xms64M
Command: /Library/Java/JavaVirtualMachines/adoptopenjdk-8.jdk/Contents/Home/bin/java -Xms64M -version
Check if jvm arg is ok: -Xmx1600M
Command: /Library/Java/JavaVirtualMachines/adoptopenjdk-8.jdk/Contents/Home/bin/java -Xmx1600M -version
Check if jvm arg is ok: -XX:ThreadStackSize=1536
Command: /Library/Java/JavaVirtualMachines/adoptopenjdk-8.jdk/Contents/Home/bin/java -XX:ThreadStackSize=1536 -version
Check if jvm arg is ok: -XX:PermSize=32m
Command: /Library/Java/JavaVirtualMachines/adoptopenjdk-8.jdk/Contents/Home/bin/java -XX:PermSize=32m -version
Arg failed:
OpenJDK 64-Bit Server VM warning: ignoring option PermSize=32m; support was removed in 8.0
openjdk version "1.8.0_242"
OpenJDK Runtime Environment (AdoptOpenJDK)(build 1.8.0_242-b08)
OpenJDK 64-Bit Server VM (AdoptOpenJDK)(build 25.242-b08, mixed mode)
Check if jvm arg is ok: -XX:MaxPermSize=160m
Command: /Library/Java/JavaVirtualMachines/adoptopenjdk-8.jdk/Contents/Home/bin/java -XX:MaxPermSize=160m -version
Arg failed:
OpenJDK 64-Bit Server VM warning: ignoring option MaxPermSize=160m; support was removed in 8.0
openjdk version "1.8.0_242"
OpenJDK Runtime Environment (AdoptOpenJDK)(build 1.8.0_242-b08)
OpenJDK 64-Bit Server VM (AdoptOpenJDK)(build 25.242-b08, mixed mode)
configure:24948: result:  -Xms64M -Xmx1600M -XX:ThreadStackSize=1536
configure:24955: checking flags for boot jdk java command for small workloads
Check if jvm arg is ok: -XX:+UseSerialGC
Command: /Library/Java/JavaVirtualMachines/adoptopenjdk-8.jdk/Contents/Home/bin/java -XX:+UseSerialGC -version
Check if jvm arg is ok: -Xms32M
Command: /Library/Java/JavaVirtualMachines/adoptopenjdk-8.jdk/Contents/Home/bin/java -Xms32M -version
Check if jvm arg is ok: -Xmx512M
Command: /Library/Java/JavaVirtualMachines/adoptopenjdk-8.jdk/Contents/Home/bin/java -Xmx512M -version
configure:25005: result:  -XX:+UseSerialGC -Xms32M -Xmx512M
configure:25433: Using user selected toolchain clang (clang/LLVM). Default toolchain is gcc.
configure:26746: checking Determining if we need to set DEVELOPER_DIR
configure:26761: result: no
configure:26768: checking for xcodebuild
configure:26786: found /usr/bin/xcodebuild
configure:26798: result: /usr/bin/xcodebuild
configure:26829: checking Determining Xcode SDK path
configure:26834: result: /Applications/Xcode.app/Contents/Developer/Platforms/MacOSX.platform/Developer/SDKs/MacOSX10.15.sdk
configure:27021: checking for clang
configure:27039: found /usr/local/opt/ccache/libexec/clang
configure:27051: result: /usr/local/opt/ccache/libexec/clang
configure:27385: checking resolved symbolic links for CC
configure:27440: result: /usr/local/Cellar/ccache/3.7.4/bin/ccache
configure:27442: checking if CC is disguised ccache
configure:27446: result: yes, trying to find proper C compiler
configure:27506: checking for clang
configure:27522: found /usr/bin/clang
configure:27533: result: clang
configure:27835: Rewriting PROPER_COMPILER_CC to "/usr/bin/clang"
configure:27841: checking for resolved symbolic links for CC
configure:27891: result: /usr/bin/clang
configure:28018: Using clang C compiler version 11.0.3 [Apple clang version 11.0.3 (clang-1103.0.32.29) Target: x86_64-apple-darwin19.3.0 Thread model: posix InstalledDir: /Applications/Xcode.app/Contents/Developer/Toolchains/XcodeDefault.xctoolchain/usr/bin]
configure:28135: checking for C compiler version
configure:28144: /usr/bin/clang --version >&5
Apple clang version 11.0.3 (clang-1103.0.32.29)
Target: x86_64-apple-darwin19.3.0
Thread model: posix
InstalledDir: /Applications/Xcode.app/Contents/Developer/Toolchains/XcodeDefault.xctoolchain/usr/bin
configure:28155: $? = 0
configure:28144: /usr/bin/clang -v >&5
Apple clang version 11.0.3 (clang-1103.0.32.29)
Target: x86_64-apple-darwin19.3.0
Thread model: posix
InstalledDir: /Applications/Xcode.app/Contents/Developer/Toolchains/XcodeDefault.xctoolchain/usr/bin
configure:28155: $? = 0
configure:28144: /usr/bin/clang -V >&5
clang: error: unsupported option '-V -Wno-objc-signed-char-bool-implicit-int-conversion'
clang: error: no input files
configure:28155: $? = 1
configure:28144: /usr/bin/clang -qversion >&5
clang: error: unknown argument '-qversion'; did you mean '--version'?
clang: error: no input files
configure:28155: $? = 1
configure:28175: checking whether the C compiler works
configure:28197: /usr/bin/clang    conftest.c  >&5
configure:28201: $? = 0
configure:28249: result: yes
configure:28252: checking for C compiler default output file name
configure:28254: result: a.out
configure:28260: checking for suffix of executables
configure:28267: /usr/bin/clang -o conftest    conftest.c  >&5
configure:28271: $? = 0
configure:28293: result: 
configure:28315: checking whether we are cross compiling
configure:28323: /usr/bin/clang -o conftest    conftest.c  >&5
configure:28327: $? = 0
configure:28334: ./conftest
configure:28338: $? = 0
configure:28326: result: no
configure:28331: checking for suffix of object files
configure:28353: /usr/bin/clang -c   conftest.c >&5
configure:28357: $? = 0
configure:28378: result: o
configure:28382: checking whether we are using the GNU C compiler
configure:28401: /usr/bin/clang -c   conftest.c >&5
configure:28401: $? = 0
configure:28410: result: yes
configure:28419: checking whether /usr/bin/clang accepts -g
configure:28439: /usr/bin/clang -c -g  conftest.c >&5
configure:28439: $? = 0
configure:28480: result: yes
configure:28497: checking for /usr/bin/clang option to accept ISO C89
configure:28560: /usr/bin/clang  -c -g -O2  conftest.c >&5
configure:28560: $? = 0
configure:28573: result: none needed
configure:28735: checking for clang++
configure:28753: found /usr/local/opt/ccache/libexec/clang++
configure:28765: result: /usr/local/opt/ccache/libexec/clang++
configure:29099: checking resolved symbolic links for CXX
configure:29154: result: /usr/local/Cellar/ccache/3.7.4/bin/ccache
configure:29156: checking if CXX is disguised ccache
configure:29160: result: yes, trying to find proper C++ compiler
configure:29220: checking for clang++
configure:29236: found /usr/bin/clang++
configure:29247: result: clang++
configure:29549: Rewriting PROPER_COMPILER_CXX to "/usr/bin/clang++"
configure:29555: checking for resolved symbolic links for CXX
configure:29605: result: /usr/bin/clang++
configure:29732: Using clang C++ compiler version 11.0.3 [Apple clang version 11.0.3 (clang-1103.0.32.29) Target: x86_64-apple-darwin19.3.0 Thread model: posix InstalledDir: /Applications/Xcode.app/Contents/Developer/Toolchains/XcodeDefault.xctoolchain/usr/bin]
configure:29849: checking for C++ compiler version
configure:29858: /usr/bin/clang++ --version >&5
Apple clang version 11.0.3 (clang-1103.0.32.29)
Target: x86_64-apple-darwin19.3.0
Thread model: posix
InstalledDir: /Applications/Xcode.app/Contents/Developer/Toolchains/XcodeDefault.xctoolchain/usr/bin
configure:29869: $? = 0
configure:29858: /usr/bin/clang++ -v >&5
Apple clang version 11.0.3 (clang-1103.0.32.29)
Target: x86_64-apple-darwin19.3.0
Thread model: posix
InstalledDir: /Applications/Xcode.app/Contents/Developer/Toolchains/XcodeDefault.xctoolchain/usr/bin
configure:29869: $? = 0
configure:29858: /usr/bin/clang++ -V >&5
clang: error: unsupported option '-V -Wno-objc-signed-char-bool-implicit-int-conversion'
clang: error: no input files
configure:29869: $? = 1
configure:29858: /usr/bin/clang++ -qversion >&5
clang: error: unknown argument '-qversion'; did you mean '--version'?
clang: error: no input files
configure:29869: $? = 1
configure:29873: checking whether we are using the GNU C++ compiler
configure:29892: /usr/bin/clang++ -c   conftest.cpp >&5
configure:29892: $? = 0
configure:29901: result: yes
configure:29910: checking whether /usr/bin/clang++ accepts -g
configure:29930: /usr/bin/clang++ -c -g  conftest.cpp >&5
configure:29930: $? = 0
configure:29971: result: yes
configure:30029: checking how to run the C preprocessor
configure:30060: /usr/bin/clang -E  conftest.c

## ---------------- ##
## Cache variables. ##
## ---------------- ##

ac_cv_build=x86_64-apple-darwin19.3.0
ac_cv_c_compiler_gnu=yes
ac_cv_cxx_compiler_gnu=yes
ac_cv_env_ALSA_CFLAGS_set=
ac_cv_env_ALSA_CFLAGS_value=
ac_cv_env_ALSA_LIBS_set=
ac_cv_env_ALSA_LIBS_value=
ac_cv_env_AR_set=
ac_cv_env_AR_value=
ac_cv_env_AS_set=
ac_cv_env_AS_value=
ac_cv_env_AWK_set=
ac_cv_env_AWK_value=
ac_cv_env_BASENAME_set=
ac_cv_env_BASENAME_value=
ac_cv_env_BASH_set=set
ac_cv_env_BASH_value=/usr/local/bin/bash
ac_cv_env_BUILD_CC_set=
ac_cv_env_BUILD_CC_value=
ac_cv_env_BUILD_CXX_set=
ac_cv_env_BUILD_CXX_value=
ac_cv_env_BUILD_LD_set=
ac_cv_env_BUILD_LD_value=
ac_cv_env_CAT_set=
ac_cv_env_CAT_value=
ac_cv_env_CCACHE_set=
ac_cv_env_CCACHE_value=
ac_cv_env_CCC_set=
ac_cv_env_CCC_value=
ac_cv_env_CC_set=
ac_cv_env_CC_value=
ac_cv_env_CFLAGS_set=
ac_cv_env_CFLAGS_value=
ac_cv_env_CHMOD_set=
ac_cv_env_CHMOD_value=
ac_cv_env_CMP_set=
ac_cv_env_CMP_value=
ac_cv_env_CODESIGN_set=
ac_cv_env_CODESIGN_value=
ac_cv_env_COMM_set=
ac_cv_env_COMM_value=
ac_cv_env_CPIO_set=
ac_cv_env_CPIO_value=
ac_cv_env_CPPFLAGS_set=
ac_cv_env_CPPFLAGS_value=
ac_cv_env_CPP_set=
ac_cv_env_CPP_value=
ac_cv_env_CP_set=
ac_cv_env_CP_value=
ac_cv_env_CUT_set=
ac_cv_env_CUT_value=
ac_cv_env_CXXCPP_set=
ac_cv_env_CXXCPP_value=
ac_cv_env_CXXFLAGS_set=
ac_cv_env_CXXFLAGS_value=
ac_cv_env_CXX_set=
ac_cv_env_CXX_value=
ac_cv_env_CYGPATH_set=
ac_cv_env_CYGPATH_value=
ac_cv_env_DATE_set=
ac_cv_env_DATE_value=
ac_cv_env_DF_set=
ac_cv_env_DF_value=
ac_cv_env_DIFF_set=
ac_cv_env_DIFF_value=
ac_cv_env_DIRNAME_set=
ac_cv_env_DIRNAME_value=
ac_cv_env_DSYMUTIL_set=
ac_cv_env_DSYMUTIL_value=
ac_cv_env_ECHO_set=
ac_cv_env_ECHO_value=
ac_cv_env_EGREP_set=
ac_cv_env_EGREP_value=
ac_cv_env_EXPR_set=
ac_cv_env_EXPR_value=
ac_cv_env_FGREP_set=
ac_cv_env_FGREP_value=
ac_cv_env_FILE_set=
ac_cv_env_FILE_value=
ac_cv_env_FIND_set=
ac_cv_env_FIND_value=
ac_cv_env_FREETYPE_CFLAGS_set=
ac_cv_env_FREETYPE_CFLAGS_value=
ac_cv_env_FREETYPE_LIBS_set=
ac_cv_env_FREETYPE_LIBS_value=
ac_cv_env_GNM_set=
ac_cv_env_GNM_value=
ac_cv_env_GREP_set=
ac_cv_env_GREP_value=
ac_cv_env_HEAD_set=
ac_cv_env_HEAD_value=
ac_cv_env_HG_set=
ac_cv_env_HG_value=
ac_cv_env_JTREGEXE_set=
ac_cv_env_JTREGEXE_value=
ac_cv_env_LDD_set=
ac_cv_env_LDD_value=
ac_cv_env_LDFLAGS_set=
ac_cv_env_LDFLAGS_value=
ac_cv_env_LIBFFI_CFLAGS_set=
ac_cv_env_LIBFFI_CFLAGS_value=
ac_cv_env_LIBFFI_LIBS_set=
ac_cv_env_LIBFFI_LIBS_value=
ac_cv_env_LIBS_set=
ac_cv_env_LIBS_value=
ac_cv_env_LIPO_set=
ac_cv_env_LIPO_value=
ac_cv_env_LN_set=
ac_cv_env_LN_value=
ac_cv_env_LS_set=
ac_cv_env_LS_value=
ac_cv_env_MCS_set=
ac_cv_env_MCS_value=
ac_cv_env_MKDIR_set=
ac_cv_env_MKDIR_value=
ac_cv_env_MKTEMP_set=
ac_cv_env_MKTEMP_value=
ac_cv_env_MV_set=
ac_cv_env_MV_value=
ac_cv_env_NAWK_set=
ac_cv_env_NAWK_value=
ac_cv_env_NM_set=
ac_cv_env_NM_value=
ac_cv_env_OBJCFLAGS_set=
ac_cv_env_OBJCFLAGS_value=
ac_cv_env_OBJCOPY_set=
ac_cv_env_OBJCOPY_value=
ac_cv_env_OBJC_set=
ac_cv_env_OBJC_value=
ac_cv_env_OBJDUMP_set=
ac_cv_env_OBJDUMP_value=
ac_cv_env_PKG_CONFIG_set=
ac_cv_env_PKG_CONFIG_value=
ac_cv_env_PRINTF_set=
ac_cv_env_PRINTF_value=
ac_cv_env_READELF_set=
ac_cv_env_READELF_value=
ac_cv_env_READLINK_set=
ac_cv_env_READLINK_value=
ac_cv_env_RM_set=
ac_cv_env_RM_value=
ac_cv_env_SED_set=
ac_cv_env_SED_value=
ac_cv_env_SETFILE_set=
ac_cv_env_SETFILE_value=
ac_cv_env_SH_set=
ac_cv_env_SH_value=
ac_cv_env_SORT_set=
ac_cv_env_SORT_value=
ac_cv_env_STAT_set=
ac_cv_env_STAT_value=
ac_cv_env_STRIP_set=
ac_cv_env_STRIP_value=
ac_cv_env_TAIL_set=
ac_cv_env_TAIL_value=
ac_cv_env_TAR_set=
ac_cv_env_TAR_value=
ac_cv_env_TEE_set=
ac_cv_env_TEE_value=
ac_cv_env_TIME_set=
ac_cv_env_TIME_value=
ac_cv_env_TOUCH_set=
ac_cv_env_TOUCH_value=
ac_cv_env_TR_set=
ac_cv_env_TR_value=
ac_cv_env_UNAME_set=
ac_cv_env_UNAME_value=
ac_cv_env_UNIQ_set=
ac_cv_env_UNIQ_value=
ac_cv_env_UNZIP_set=
ac_cv_env_UNZIP_value=
ac_cv_env_WC_set=
ac_cv_env_WC_value=
ac_cv_env_WHICH_set=
ac_cv_env_WHICH_value=
ac_cv_env_XARGS_set=
ac_cv_env_XARGS_value=
ac_cv_env_XATTR_set=
ac_cv_env_XATTR_value=
ac_cv_env_XMKMF_set=
ac_cv_env_XMKMF_value=
ac_cv_env_ZIP_set=
ac_cv_env_ZIP_value=
ac_cv_env_build_alias_set=
ac_cv_env_build_alias_value=
ac_cv_env_host_alias_set=
ac_cv_env_host_alias_value=
ac_cv_env_target_alias_set=
ac_cv_env_target_alias_value=
ac_cv_host=x86_64-apple-darwin19.3.0
ac_cv_objext=o
ac_cv_path_BASENAME=/usr/bin/basename
ac_cv_path_BASH=/usr/local/bin/bash
ac_cv_path_CAT=/bin/cat
ac_cv_path_CHECK_MAKE=/usr/bin/make
ac_cv_path_CHMOD=/bin/chmod
ac_cv_path_CMP=/usr/bin/cmp
ac_cv_path_CODESIGN=/usr/bin/codesign
ac_cv_path_COMM=/usr/bin/comm
ac_cv_path_CP=/bin/cp
ac_cv_path_CPIO=/usr/bin/cpio
ac_cv_path_CUT=/usr/bin/cut
ac_cv_path_DATE=/bin/date
ac_cv_path_DF=/bin/df
ac_cv_path_DIFF=/usr/bin/diff
ac_cv_path_DIRNAME=/usr/bin/dirname
ac_cv_path_DSYMUTIL=/usr/bin/dsymutil
ac_cv_path_ECHO=/bin/echo
ac_cv_path_EGREP='/usr/bin/grep -E'
ac_cv_path_EXPR=/bin/expr
ac_cv_path_FGREP='/usr/bin/grep -F'
ac_cv_path_FILE=/usr/bin/file
ac_cv_path_FIND=/usr/bin/find
ac_cv_path_GREP=/usr/bin/grep
ac_cv_path_HEAD=/usr/bin/head
ac_cv_path_LN=/bin/ln
ac_cv_path_LS=/bin/ls
ac_cv_path_MKDIR=/bin/mkdir
ac_cv_path_MKTEMP=/usr/bin/mktemp
ac_cv_path_MV=/bin/mv
ac_cv_path_NAWK=/usr/bin/awk
ac_cv_path_POTENTIAL_CC=/usr/local/opt/ccache/libexec/clang
ac_cv_path_POTENTIAL_CXX=/usr/local/opt/ccache/libexec/clang++
ac_cv_path_PRINTF=/usr/bin/printf
ac_cv_path_READLINK=/usr/local/bin/greadlink
ac_cv_path_RM=/bin/rm
ac_cv_path_SED=/usr/local/bin/gsed
ac_cv_path_SETFILE=/usr/bin/SetFile
ac_cv_path_SH=/bin/sh
ac_cv_path_SORT=/usr/bin/sort
ac_cv_path_STAT=/usr/bin/stat
ac_cv_path_TAIL=/usr/bin/tail
ac_cv_path_TAR=/usr/bin/tar
ac_cv_path_TEE=/usr/bin/tee
ac_cv_path_TIME=/usr/bin/time
ac_cv_path_TOUCH=/usr/bin/touch
ac_cv_path_TR=/usr/bin/tr
ac_cv_path_UNAME=/usr/bin/uname
ac_cv_path_UNIQ=/usr/bin/uniq
ac_cv_path_UNZIP=/usr/bin/unzip
ac_cv_path_WC=/usr/bin/wc
ac_cv_path_WHICH=/usr/bin/which
ac_cv_path_XARGS=/usr/bin/xargs
ac_cv_path_XATTR=/usr/bin/xattr
ac_cv_path_XCODEBUILD=/usr/bin/xcodebuild
ac_cv_path_ZIP=/usr/bin/zip
ac_cv_prog_AWK=awk
ac_cv_prog_BDEPS_FTP=wget
ac_cv_prog_BDEPS_UNZIP=unzip
ac_cv_prog_PKGHANDLER=pkgutil
ac_cv_prog_ac_ct_PROPER_COMPILER_CC=clang
ac_cv_prog_ac_ct_PROPER_COMPILER_CXX=clang++
ac_cv_prog_cc_c89=
ac_cv_prog_cc_g=yes
ac_cv_prog_cxx_g=yes
ac_cv_target=x86_64-apple-darwin19.3.0

## ----------------- ##
## Output variables. ##
## ----------------- ##

ADD_SRC_ROOT=''
ALSA_CFLAGS=''
ALSA_LIBS=''
AR=''
ARFLAGS=''
AR_OUT_OPTION=''
AS=''
ASFLAGS_DEBUG_SYMBOLS=''
AWK='awk'
BASENAME='/usr/bin/basename'
BASH='/usr/local/bin/bash'
BDEPS_FTP='wget'
BDEPS_UNZIP='unzip'
BOOT_JDK='/Library/Java/JavaVirtualMachines/adoptopenjdk-8.jdk/Contents/Home'
BOOT_JDK_BITS='64'
BOOT_JDK_SOURCETARGET='-source 7 -target 7'
BOOT_RTJAR='/Library/Java/JavaVirtualMachines/adoptopenjdk-8.jdk/Contents/Home/jre/lib/rt.jar'
BOOT_TOOLSJAR='/Library/Java/JavaVirtualMachines/adoptopenjdk-8.jdk/Contents/Home/lib/tools.jar'
BUILD_CC=''
BUILD_CXX=''
BUILD_HEADLESS='BUILD_HEADLESS:=true'
BUILD_HOTSPOT='true'
BUILD_LD=''
BUILD_LOG='$(OUTPUT_ROOT)/build.log'
BUILD_LOG_PREVIOUS='$(OUTPUT_ROOT)/build.log.old'
BUILD_LOG_WRAPPER='$(BASH) $(SRC_ROOT)/common/bin/logger.sh $(BUILD_LOG)'
BUILD_OUTPUT='/Users/gadams/openjdk-jdk8u/build/macosx-x86_64-normal-server-release'
BUILD_VARIANT_RELEASE=''
CACERTS_FILE=''
CAT='/bin/cat'
CC='/usr/bin/clang'
CCACHE=''
CC_OUT_OPTION=''
CC_VERSION_NUMBER='11.0.3'
CFLAGS='-g -O2'
CFLAGS_DEBUG_SYMBOLS=''
CFLAGS_JDKEXE=''
CFLAGS_JDKLIB=''
CHECK_GMAKE=''
CHECK_MAKE='/usr/bin/make'
CHECK_TOOLSDIR_GMAKE=''
CHECK_TOOLSDIR_MAKE=''
CHMOD='/bin/chmod'
CMP='/usr/bin/cmp'
CODESIGN=''
COMM='/usr/bin/comm'
COMPANY_NAME='AdoptOpenJDK'
COMPILER_SUPPORTS_TARGET_BITS_FLAG=''
COMPILER_TARGET_BITS_FLAG=''
COMPILE_TYPE='native'
COMPRESS_JARS='false'
CONFIGURE_COMMAND_LINE='--verbose --with-milestone=fcs --with-user-release-suffix=202004031008 --with-vendor-name=AdoptOpenJDK --with-update-version=222 --with-build-number=b10.1 --with-boot-jdk=/Library/Java/JavaVirtualMachines/adoptopenjdk-8.jdk/Contents/Home --enable-ccache --with-debug-level=release --disable-zip-debug-info --disable-debug-symbols --with-x=/usr/include/X11 --with-alsa=/Users/jenkins/workspace/jdk8u-mac-x64-hotspot-notarized/workspace/./build//installedalsa --with-jvm-variants=server --with-toolchain-type=clang --with-freetype=/Users/jenkins/workspace/jdk8u-mac-x64-hotspot-notarized/workspace/./build//installedfreetype'
CONF_NAME='macosx-x86_64-normal-server-release'
COOKED_BUILD_NUMBER='10.1'
COOKED_JDK_UPDATE_VERSION='2220'
COPYRIGHT_YEAR='2020'
CORBA_TOPDIR='/Users/gadams/openjdk-jdk8u/corba'
CP='/bin/cp'
CPIO='/usr/bin/cpio'
CPP='/usr/bin/clang -E'
CPPFLAGS=''
CUPS_CFLAGS=''
CUSTOM_MAKE_DIR=''
CUT='/usr/bin/cut'
CXX='/usr/bin/clang++'
CXXCPP=''
CXXFLAGS='-g -O2'
CXXFLAGS_DEBUG_SYMBOLS=''
CXXFLAGS_JDKEXE=''
CXXFLAGS_JDKLIB=''
CXXSTD_CXXFLAG=''
CXX_FLAG_DEPS=''
CXX_FLAG_REORDER=''
CXX_O_FLAG_HI=''
CXX_O_FLAG_HIGHEST=''
CXX_O_FLAG_NONE=''
CXX_O_FLAG_NORM=''
CXX_VERSION_NUMBER='11.0.3'
CYGPATH=''
CYGWIN_LINK=''
C_FLAG_DEPS=''
C_FLAG_REORDER=''
C_O_FLAG_HI=''
C_O_FLAG_HIGHEST=''
C_O_FLAG_NONE=''
C_O_FLAG_NORM=''
DATE='/bin/date'
DATE_WHEN_CONFIGURED='Fri Apr  3 13:39:24 BST 2020'
DEBUG_BINARIES=''
DEBUG_CLASSFILES='false'
DEBUG_LEVEL='release'
DEFINE_CROSS_COMPILE_ARCH=''
DEFS=''
DEVKIT_LIB_DIR=''
DF='/bin/df'
DIFF='/usr/bin/diff'
DIRNAME='/usr/bin/dirname'
DSYMUTIL='/usr/bin/dsymutil'
DUMPBIN=''
ECHO='/bin/echo'
ECHO_C=''
ECHO_N='-n'
ECHO_T=''
EGREP='/usr/bin/grep -E'
ENABLE_DEBUG_SYMBOLS=''
ENABLE_INTREE_EC=''
ENABLE_SJAVAC=''
EXEEXT=''
EXE_OUT_OPTION=''
EXE_SUFFIX=''
EXPR='/bin/expr'
FASTDEBUG='false'
FDLIBM_CFLAGS=''
FGREP='/usr/bin/grep -F'
FILE='/usr/bin/file'
FIND='/usr/bin/find'
FIND_DELETE='-delete'
FIXPATH=''
FONTCONFIG_CFLAGS=''
FREETYPE_BUNDLE_LIB_PATH=''
FREETYPE_CFLAGS=''
FREETYPE_LIBS=''
GNM=''
GREP='/usr/bin/grep'
HEAD='/usr/bin/head'
HG=''
HOTSPOT_CXX=''
HOTSPOT_DIST='/Users/gadams/openjdk-jdk8u/build/macosx-x86_64-normal-server-release/hotspot/dist'
HOTSPOT_LD=''
HOTSPOT_MAKE_ARGS=''
HOTSPOT_MT=''
HOTSPOT_RC=''
HOTSPOT_TOPDIR='/Users/gadams/openjdk-jdk8u/hotspot'
INCLUDE_SA='true'
IS_GNU_TIME='no'
JAVAC_CHECK=''
JAVAC_FLAGS=''
JAVA_CHECK=''
JAVA_FLAGS=' '
JAVA_FLAGS_BIG=' -Xms64M -Xmx1600M -XX:ThreadStackSize=1536'
JAVA_FLAGS_SMALL=' -XX:+UseSerialGC -Xms32M -Xmx512M'
JAXP_TOPDIR='/Users/gadams/openjdk-jdk8u/jaxp'
JAXWS_TOPDIR='/Users/gadams/openjdk-jdk8u/jaxws'
JDK_BUILD_NUMBER='b10.1'
JDK_MAJOR_VERSION='1'
JDK_MICRO_VERSION='0'
JDK_MINOR_VERSION='8'
JDK_RC_PLATFORM_NAME='Platform'
JDK_TOPDIR='/Users/gadams/openjdk-jdk8u/jdk'
JDK_UPDATE_VERSION='222'
JDK_VARIANT='normal'
JDK_VERSION='1.8.0_222'
JOBS=''
JTREGEXE=''
JT_HOME=''
JVM_INTERPRETER='template'
JVM_VARIANTS=',server,'
JVM_VARIANT_CLIENT='false'
JVM_VARIANT_CORE='false'
JVM_VARIANT_KERNEL='false'
JVM_VARIANT_MINIMAL1='false'
JVM_VARIANT_SERVER='true'
JVM_VARIANT_ZERO='false'
JVM_VARIANT_ZEROSHARK='false'
LANGTOOLS_TOPDIR='/Users/gadams/openjdk-jdk8u/langtools'
LAUNCHER_NAME='openjdk'
LD=''
LDCXX=''
LDD='true'
LDEXE=''
LDEXECXX=''
LDFLAGS=''
LDFLAGS_CXX_JDK=''
LDFLAGS_JDKEXE=''
LDFLAGS_JDKEXE_SUFFIX=''
LDFLAGS_JDKLIB=''
LDFLAGS_JDKLIB_SUFFIX=''
LD_OUT_OPTION=''
LEGACY_EXTRA_ASFLAGS=''
LEGACY_EXTRA_CFLAGS=''
LEGACY_EXTRA_CXXFLAGS=''
LEGACY_EXTRA_LDFLAGS=''
LIBCXX=''
LIBDL=''
LIBFFI_CFLAGS=''
LIBFFI_LIBS=''
LIBM=''
LIBOBJS=''
LIBRARY_PREFIX='lib'
LIBS=''
LIBZIP_CAN_USE_MMAP=''
LIPO=''
LLVM_CFLAGS=''
LLVM_CONFIG=''
LLVM_LDFLAGS=''
LLVM_LIBS=''
LN='/bin/ln'
LP64='LP64:='
LS='/bin/ls'
LTLIBOBJS=''
MACOSX_BUNDLE_ID_BASE='net.java.openjdk'
MACOSX_BUNDLE_NAME_BASE='OpenJDK'
MACOSX_UNIVERSAL='false'
MACOSX_VERSION_MIN=''
MAKE='/usr/bin/make'
MCS=''
MEMORY_SIZE=''
MILESTONE='fcs'
MKDIR='/bin/mkdir'
MKTEMP='/usr/bin/mktemp'
MSBUILD=''
MSVCP_DLL=''
MSVCR_DLL=''
MT=''
MV='/bin/mv'
NASHORN_TOPDIR='/Users/gadams/openjdk-jdk8u/nashorn'
NAWK='/usr/bin/awk'
NM=''
NO_DELETE_NULL_POINTER_CHECKS_CFLAG=''
NO_LIFETIME_DSE_CFLAG=''
NUM_CORES=''
OBJC=''
OBJCFLAGS=''
OBJCOPY=''
OBJDUMP=''
OBJEXT='o'
OBJ_SUFFIX='.o'
OPENJDK_BUILD_AUTOCONF_NAME='x86_64-apple-darwin19.3.0'
OPENJDK_BUILD_CPU='x86_64'
OPENJDK_BUILD_CPU_ARCH='x86'
OPENJDK_BUILD_CPU_BITS='64'
OPENJDK_BUILD_CPU_ENDIAN='little'
OPENJDK_BUILD_OS='macosx'
OPENJDK_BUILD_OS_API='posix'
OPENJDK_BUILD_OS_ENV='macosx'
OPENJDK_TARGET_AUTOCONF_NAME='x86_64-apple-darwin19.3.0'
OPENJDK_TARGET_CPU='x86_64'
OPENJDK_TARGET_CPU_ARCH='x86'
OPENJDK_TARGET_CPU_BITS='64'
OPENJDK_TARGET_CPU_ENDIAN='little'
OPENJDK_TARGET_CPU_ISADIR=''
OPENJDK_TARGET_CPU_JLI_CFLAGS='-DLIBARCHNAME='\''"x86_64"'\'''
OPENJDK_TARGET_CPU_LEGACY='x86_64'
OPENJDK_TARGET_CPU_LEGACY_LIB='amd64'
OPENJDK_TARGET_CPU_LIBDIR=''
OPENJDK_TARGET_CPU_OSARCH='x86_64'
OPENJDK_TARGET_OS='macosx'
OPENJDK_TARGET_OS_API='posix'
OPENJDK_TARGET_OS_API_DIR='solaris'
OPENJDK_TARGET_OS_ENV='macosx'
OPENJDK_TARGET_OS_EXPORT_DIR='macosx'
OS_VERSION_MAJOR='19'
OS_VERSION_MICRO='0'
OS_VERSION_MINOR='3'
OTOOL=''
OUTPUT_ROOT='/Users/gadams/openjdk-jdk8u/build/macosx-x86_64-normal-server-release'
OVERRIDE_SRC_ROOT=''
PACKAGE_BUGREPORT='build-dev@openjdk.java.net'
PACKAGE_NAME='OpenJDK'
PACKAGE_PATH=''
PACKAGE_STRING='OpenJDK jdk8'
PACKAGE_TARNAME='openjdk'
PACKAGE_URL='http://openjdk.java.net'
PACKAGE_VERSION='jdk8'
PATH_SEP=':'
PATH_SEPARATOR=':'
PKGHANDLER='pkgutil'
PKG_CONFIG=''
POST_MCS_CMD=''
POST_STRIP_CMD=''
POTENTIAL_CC='/usr/local/opt/ccache/libexec/clang'
POTENTIAL_CXX='/usr/local/opt/ccache/libexec/clang++'
PRINTF='/usr/bin/printf'
PRODUCT_NAME='OpenJDK'
PRODUCT_SUFFIX='Runtime Environment'
PROPER_COMPILER_CC='/usr/bin/clang'
PROPER_COMPILER_CXX='/usr/bin/clang++'
RC=''
RC_FLAGS=''
READELF=''
READLINK='/usr/local/bin/greadlink'
REQUIRED_OS_NAME='Darwin'
REQUIRED_OS_VERSION='11.2'
RM='/bin/rm -f'
SALIB_NAME=''
SDKPATH='/Applications/Xcode.app/Contents/Developer/Platforms/MacOSX.platform/Developer/SDKs/MacOSX10.15.sdk'
SED='/usr/local/bin/gsed'
SETFILE='/usr/bin/SetFile'
SET_DEVELOPER_DIR=''
SET_EXECUTABLE_ORIGIN=''
SET_OPENJDK='OPENJDK=true'
SET_SHARED_LIBRARY_MAPFILE=''
SET_SHARED_LIBRARY_NAME=''
SET_SHARED_LIBRARY_ORIGIN=''
SH='/bin/sh'
SHARED_LIBRARY='lib$1.dylib'
SHARED_LIBRARY_FLAGS=''
SHARED_LIBRARY_SUFFIX='.dylib'
SHELL='/usr/local/bin/bash'
SJAVAC_SERVER_DIR=''
SJAVAC_SERVER_JAVA=''
SORT='/usr/bin/sort'
SPEC='/Users/gadams/openjdk-jdk8u/build/macosx-x86_64-normal-server-release/spec.gmk'
STAT='/usr/bin/stat'
STATIC_CXX_SETTING=''
STATIC_LIBRARY='lib$1.a'
STATIC_LIBRARY_SUFFIX='.a'
STRIP=''
STRIP_POLICY=''
SUPPORT_HEADFUL='yes'
SUPPORT_HEADLESS='yes'
SYSROOT_CFLAGS=''
SYSROOT_LDFLAGS=''
TAIL='/usr/bin/tail'
TAR='/usr/bin/tar'
TEE='/usr/bin/tee'
TEST_IN_BUILD='false'
TIME='/usr/bin/time'
TOOLCHAIN_PATH_CC=''
TOOLCHAIN_PATH_CXX=''
TOOLCHAIN_TYPE='clang'
TOPDIR='/Users/gadams/openjdk-jdk8u'
TOUCH='/usr/bin/touch'
TR='/usr/bin/tr'
UCRT_DLL_DIR=''
UNAME='/usr/bin/uname'
UNIQ='/usr/bin/uniq'
UNLIMITED_CRYPTO='false'
UNZIP='/usr/bin/unzip'
USER_RELEASE_SUFFIX='202004031008'
USE_CLANG=''
USE_EXTERNAL_LIBGIF=''
USE_EXTERNAL_LIBJPEG=''
USE_EXTERNAL_LIBZ=''
USE_PRECOMPILED_HEADER=''
USING_BROKEN_SUSE_LD=''
VARIANT='OPT'
VENDOR_URL=''
VENDOR_URL_BUG=''
VENDOR_URL_VM_BUG=''
VS_INCLUDE=''
VS_LIB=''
VS_PATH=''
WC='/usr/bin/wc'
WHICH='/usr/bin/which'
XARGS='/usr/bin/xargs'
XATTR='/usr/bin/xattr'
XCODEBUILD='/usr/bin/xcodebuild'
XMKMF=''
X_CFLAGS=''
X_EXTRA_LIBS=''
X_LIBS=''
X_PRE_LIBS=''
ZERO_ARCHDEF='AMD64'
ZERO_ARCHFLAG=''
ZIP='/usr/bin/zip'
ZIP_DEBUGINFO_FILES=''
ac_ct_AR=''
ac_ct_CC=''
ac_ct_CXX=''
ac_ct_NM=''
ac_ct_OBJC=''
ac_ct_OBJCOPY=''
ac_ct_OBJDUMP=''
ac_ct_PROPER_COMPILER_CC='clang'
ac_ct_PROPER_COMPILER_CXX='clang++'
ac_ct_STRIP=''
bindir='${exec_prefix}/bin'
build='x86_64-apple-darwin19.3.0'
build_alias=''
build_cpu='x86_64'
build_os='darwin19.3.0'
build_vendor='apple'
datadir='${datarootdir}'
datarootdir='${prefix}/share'
docdir='${datarootdir}/doc/${PACKAGE_TARNAME}'
dvidir='${docdir}'
exec_prefix='NONE'
host='x86_64-apple-darwin19.3.0'
host_alias=''
host_cpu='x86_64'
host_os='darwin19.3.0'
host_vendor='apple'
htmldir='${docdir}'
includedir='${prefix}/include'
infodir='${datarootdir}/info'
libdir='${exec_prefix}/lib'
libexecdir='${exec_prefix}/libexec'
localedir='${datarootdir}/locale'
localstatedir='${prefix}/var'
mandir='${datarootdir}/man'
oldincludedir='/usr/include'
pdfdir='${docdir}'
prefix='NONE'
program_transform_name='s,x,x,'
psdir='${docdir}'
runstatedir='${localstatedir}/run'
sbindir='${exec_prefix}/sbin'
sharedstatedir='${prefix}/com'
sysconfdir='${prefix}/etc'
target='x86_64-apple-darwin19.3.0'
target_alias=''
target_cpu='x86_64'
target_os='darwin19.3.0'
target_vendor='apple'

## ----------- ##
## confdefs.h. ##
## ----------- ##

/* confdefs.h */
#define PACKAGE_NAME "OpenJDK"
#define PACKAGE_TARNAME "openjdk"
#define PACKAGE_VERSION "jdk8"
#define PACKAGE_STRING "OpenJDK jdk8"
#define PACKAGE_BUGREPORT "build-dev@openjdk.java.net"
#define PACKAGE_URL "http://openjdk.java.net"

configure: caught signal 2
configure: exit 1
